d:\3dshooting\3dshooting\3dshooting\debug\vc120.pdb
d:\3dshooting\3dshooting\3dshooting\debug\vc120.idb
d:\3dshooting\3dshooting\3dshooting\debug\background.obj
d:\3dshooting\3dshooting\3dshooting\debug\barrage.obj
d:\3dshooting\3dshooting\3dshooting\debug\bullet.obj
d:\3dshooting\3dshooting\3dshooting\debug\camera.obj
d:\3dshooting\3dshooting\3dshooting\debug\character.obj
d:\3dshooting\3dshooting\3dshooting\debug\checkkey.obj
d:\3dshooting\3dshooting\3dshooting\debug\enemy.obj
d:\3dshooting\3dshooting\3dshooting\debug\fps.obj
d:\3dshooting\3dshooting\3dshooting\debug\game.obj
d:\3dshooting\3dshooting\3dshooting\debug\main.obj
d:\3dshooting\3dshooting\3dshooting\debug\player.obj
d:\3dshooting\3dshooting\3dshooting\debug\debug.obj
d:\3dshooting\3dshooting\debug\3dshooting.ilk
d:\3dshooting\3dshooting\debug\3dshooting.exe
d:\3dshooting\3dshooting\debug\3dshooting.pdb
d:\3dshooting\3dshooting\3dshooting\debug\ishot.obj
d:\3dshooting\3dshooting\3dshooting\debug\vector3.obj
d:\3dshooting\3dshooting\3dshooting\debug\3dshooting.tlog\cl.command.1.tlog
d:\3dshooting\3dshooting\3dshooting\debug\3dshooting.tlog\cl.read.1.tlog
d:\3dshooting\3dshooting\3dshooting\debug\3dshooting.tlog\cl.write.1.tlog
d:\3dshooting\3dshooting\3dshooting\debug\3dshooting.tlog\link.command.1.tlog
d:\3dshooting\3dshooting\3dshooting\debug\3dshooting.tlog\link.read.1.tlog
d:\3dshooting\3dshooting\3dshooting\debug\3dshooting.tlog\link.write.1.tlog
